<?xml version="1.0" encoding="UTF-8"?>
<!-- Generated by org.testng.reporters.JUnitReportReporter -->
<testsuite name="tableTestCases.C" tests="1" time="2.921" ignored="3" failures="0" timestamp="12 May 2021 01:33:04 GMT" skipped="0" hostname="Kalyani" errors="0">
  <testcase name="verifylistOfToolTip" time="2.921" classname="tableTestCases.C"/>
  <testcase name="verifyEmail" classname="tableTestCases.C">
    <skipped/>
  </testcase> <!-- verifyEmail -->
  <testcase name="verifyOpTableTeacherForTechnicalHelp" classname="tableTestCases.C">
    <skipped/>
  </testcase> <!-- verifyOpTableTeacherForTechnicalHelp -->
  <testcase name="verifyStateMaharashtra" classname="tableTestCases.C">
    <skipped/>
  </testcase> <!-- verifyStateMaharashtra -->
</testsuite> <!-- tableTestCases.C -->
