<?xml version="1.0" encoding="UTF-8"?>
<!-- Generated by org.testng.reporters.JUnitReportReporter -->
<testsuite name="window.Grid" tests="1" time="0.036" ignored="0" failures="0" timestamp="06 May 2021 03:02:16 GMT" skipped="0" hostname="Kalyani" errors="0">
  <testcase name="test" time="0.036" classname="window.Grid"/>
</testsuite> <!-- window.Grid -->
