<?xml version="1.0" encoding="UTF-8"?>
<!-- Generated by org.testng.reporters.JUnitReportReporter -->
<testsuite name="utility.Main" tests="1" time="4.605" ignored="4" failures="0" timestamp="23 Jun 2021 06:26:02 GMT" skipped="0" hostname="Kalyani" errors="0">
  <testcase name="dateOfBirth" time="4.605" classname="utility.Main"/>
  <testcase name="selectMultipleCheckbox" classname="utility.Main">
    <skipped/>
  </testcase> <!-- selectMultipleCheckbox -->
  <testcase name="Radio" classname="utility.Main">
    <skipped/>
  </testcase> <!-- Radio -->
  <testcase name="addreess" classname="utility.Main">
    <skipped/>
  </testcase> <!-- addreess -->
  <testcase name="checkbox1" classname="utility.Main">
    <skipped/>
  </testcase> <!-- checkbox1 -->
</testsuite> <!-- utility.Main -->
