<?xml version="1.0" encoding="UTF-8"?>
<!-- Generated by org.testng.reporters.JUnitReportReporter -->
<testsuite name="tableTestCases.Sorting" tests="1" time="5.090" ignored="0" failures="0" timestamp="11 May 2021 02:36:40 GMT" skipped="0" hostname="Kalyani" errors="0">
  <testcase name="Test1" time="5.090" classname="tableTestCases.Sorting"/>
</testsuite> <!-- tableTestCases.Sorting -->
