<?xml version="1.0" encoding="UTF-8"?>
<!-- Generated by org.testng.reporters.JUnitReportReporter -->
<testsuite name="dataProvider.Practise" tests="8" time="1.394" ignored="0" failures="0" timestamp="21 Feb 2021 04:03:18 GMT" skipped="0" hostname="RAJAT" errors="0">
  <testcase name="verifyLogin" time="0.281" classname="dataProvider.Practise"/>
  <testcase name="CheckHead" time="0.041" classname="dataProvider.Practise"/>
  <testcase name="verifyLogin" time="0.256" classname="dataProvider.Practise"/>
  <testcase name="checkUrl" time="0.009" classname="dataProvider.Practise"/>
  <testcase name="checklogo" time="0.147" classname="dataProvider.Practise"/>
  <testcase name="verifyLogin" time="0.405" classname="dataProvider.Practise"/>
  <testcase name="Checktitle" time="0.007" classname="dataProvider.Practise"/>
  <testcase name="checkRegPg" time="0.248" classname="dataProvider.Practise"/>
</testsuite> <!-- dataProvider.Practise -->
