<?xml version="1.0" encoding="UTF-8"?>
<!-- Generated by org.testng.reporters.JUnitReportReporter -->
<testsuite name="wait.Refresh" tests="1" time="5.564" ignored="0" failures="0" timestamp="29 Jun 2021 04:36:55 GMT" skipped="0" hostname="Kalyani" errors="0">
  <testcase name="setUp" time="5.564" classname="wait.Refresh"/>
</testsuite> <!-- wait.Refresh -->
