<?xml version="1.0" encoding="UTF-8"?>
<!-- Generated by org.testng.reporters.JUnitReportReporter -->
<testsuite name="window.WindowHandling" tests="1" time="1.276" ignored="0" failures="0" timestamp="22 Jul 2021 13:58:37 GMT" skipped="0" hostname="Kalyani" errors="0">
  <testcase name="wintest" time="1.276" classname="window.WindowHandling"/>
</testsuite> <!-- window.WindowHandling -->
