<?xml version="1.0" encoding="UTF-8"?>
<!-- Generated by org.testng.reporters.JUnitReportReporter -->
<testsuite name="window.ToolTip" tests="1" time="0.489" ignored="4" failures="0" timestamp="14 Jun 2021 11:18:43 GMT" skipped="0" hostname="Kalyani" errors="0">
  <testcase name="testLogin" time="0.489" classname="window.ToolTip"/>
  <testcase name="testPlaceHolderEmail" classname="window.ToolTip">
    <skipped/>
  </testcase> <!-- testPlaceHolderEmail -->
  <testcase name="testToolTip" classname="window.ToolTip">
    <skipped/>
  </testcase> <!-- testToolTip -->
  <testcase name="testC" classname="window.ToolTip">
    <skipped/>
  </testcase> <!-- testC -->
  <testcase name="testDesign" classname="window.ToolTip">
    <skipped/>
  </testcase> <!-- testDesign -->
</testsuite> <!-- window.ToolTip -->
