<?xml version="1.0" encoding="UTF-8"?>
<!-- Generated by org.testng.reporters.JUnitReportReporter -->
<testsuite name="parallelTesting.ParallelTest2" tests="2" time="15.773" ignored="0" failures="0" timestamp="02 Jul 2021 03:40:03 GMT" skipped="0" hostname="Kalyani" errors="0">
  <testcase name="checkUrl" time="7.400" classname="parallelTesting.ParallelTest2"/>
  <testcase name="checkLogo" time="8.373" classname="parallelTesting.ParallelTest2"/>
</testsuite> <!-- parallelTesting.ParallelTest2 -->
