<?xml version="1.0" encoding="UTF-8"?>
<!-- Generated by org.testng.reporters.JUnitReportReporter -->
<testsuite name="tableTestCases.UserTableReadFully" tests="5" time="0.696" ignored="0" failures="0" timestamp="19 Apr 2021 06:08:21 GMT" skipped="0" hostname="Kalyani" errors="0">
  <testcase name="verifyUserTable" time="0.141" classname="tableTestCases.UserTableReadFully"/>
  <testcase name="verifyUserTable" time="0.156" classname="tableTestCases.UserTableReadFully"/>
  <testcase name="verifyUserTable" time="0.141" classname="tableTestCases.UserTableReadFully"/>
  <testcase name="verifyUserTable" time="0.125" classname="tableTestCases.UserTableReadFully"/>
  <testcase name="verifyUserTable" time="0.133" classname="tableTestCases.UserTableReadFully"/>
</testsuite> <!-- tableTestCases.UserTableReadFully -->
