<?xml version="1.0" encoding="UTF-8"?>
<!-- Generated by org.testng.reporters.JUnitReportReporter -->
<testsuite name="com.javabykiran.PracTest" tests="9" time="24.533" ignored="0" failures="0" timestamp="13 Feb 2021 07:48:49 GMT" skipped="0" hostname="RAJAT" errors="0">
  <testcase name="registerAnewMemberEmailError" time="3.020" classname="com.javabykiran.PracTest"/>
  <testcase name="varifyRegisterHeading1" time="2.070" classname="com.javabykiran.PracTest"/>
  <testcase name="checkText" time="2.237" classname="com.javabykiran.PracTest"/>
  <testcase name="registerAnewMemberMobileError" time="3.205" classname="com.javabykiran.PracTest"/>
  <testcase name="registerAnewMemberPassError" time="3.591" classname="com.javabykiran.PracTest"/>
  <testcase name="checkButtonText" time="3.028" classname="com.javabykiran.PracTest"/>
  <testcase name="varifyRegisterHeading2" time="2.209" classname="com.javabykiran.PracTest"/>
  <testcase name="varifyRegisterNewMemberHeading" time="2.260" classname="com.javabykiran.PracTest"/>
  <testcase name="registerAnewMemberNameError" time="2.913" classname="com.javabykiran.PracTest"/>
</testsuite> <!-- com.javabykiran.PracTest -->
