<?xml version="1.0" encoding="UTF-8"?>
<!-- Generated by org.testng.reporters.JUnitReportReporter -->
<testsuite name="tableTestCases.DataConversion" tests="1" time="0.000" ignored="2" failures="0" timestamp="25 Apr 2021 03:37:21 GMT" skipped="0" hostname="Kalyani" errors="0">
  <testcase name="test03" time="0.000" classname="tableTestCases.DataConversion"/>
  <testcase name="test01" classname="tableTestCases.DataConversion">
    <skipped/>
  </testcase> <!-- test01 -->
  <testcase name="test02" classname="tableTestCases.DataConversion">
    <skipped/>
  </testcase> <!-- test02 -->
</testsuite> <!-- tableTestCases.DataConversion -->
