<?xml version="1.0" encoding="UTF-8"?>
<!-- Generated by org.testng.reporters.JUnitReportReporter -->
<testsuite name="wait.NewTest" tests="3" time="2.185" ignored="0" failures="0" timestamp="05 Mar 2021 06:56:27 GMT" skipped="0" hostname="RAJAT" errors="0">
  <testcase name="test01" time="1.211" classname="wait.NewTest"/>
  <testcase name="test01" time="0.506" classname="wait.NewTest"/>
  <testcase name="test01" time="0.468" classname="wait.NewTest"/>
</testsuite> <!-- wait.NewTest -->
