<?xml version="1.0" encoding="UTF-8"?>
<!-- Generated by org.testng.reporters.JUnitReportReporter -->
<testsuite name="parallelTesting.ParallelTest1" tests="2" time="9.419" ignored="0" failures="0" timestamp="01 Jul 2021 10:02:59 GMT" skipped="0" hostname="Kalyani" errors="0">
  <testcase name="averifyTitle" time="5.223" classname="parallelTesting.ParallelTest1"/>
  <testcase name="checkLoginSuccessfullyDone" time="4.196" classname="parallelTesting.ParallelTest1"/>
</testsuite> <!-- parallelTesting.ParallelTest1 -->
