<?xml version="1.0" encoding="UTF-8"?>
<!-- Generated by org.testng.reporters.JUnitReportReporter -->
<testsuite name="actionsClass.NaukriSite" tests="1" time="7.107" ignored="0" failures="0" timestamp="18 Apr 2021 03:41:08 GMT" skipped="0" hostname="Kalyani" errors="0">
  <testcase name="test1" time="7.107" classname="actionsClass.NaukriSite"/>
</testsuite> <!-- actionsClass.NaukriSite -->
