<?xml version="1.0" encoding="UTF-8"?>
<!-- Generated by org.testng.reporters.JUnitReportReporter -->
<testsuite name="tableTestCases.DifferentLogic" tests="1" time="3.026" ignored="2" failures="0" timestamp="27 Apr 2021 05:51:39 GMT" skipped="0" hostname="Kalyani" errors="0">
  <testcase name="testAllNamesForMaha" time="3.026" classname="tableTestCases.DifferentLogic"/>
  <testcase name="namesForMaharashtra" classname="tableTestCases.DifferentLogic">
    <skipped/>
  </testcase> <!-- namesForMaharashtra -->
  <testcase name="testNamesForMaha" classname="tableTestCases.DifferentLogic">
    <skipped/>
  </testcase> <!-- testNamesForMaha -->
</testsuite> <!-- tableTestCases.DifferentLogic -->
