<?xml version="1.0" encoding="UTF-8"?>
<!-- Generated by org.testng.reporters.JUnitReportReporter -->
<testsuite name="com.javabykiran.TestDropandRadio" tests="2" time="6.471" ignored="0" failures="0" timestamp="07 Feb 2021 14:45:13 GMT" skipped="0" hostname="RAJAT" errors="0">
  <testcase name="testDropdown" time="4.329" classname="com.javabykiran.TestDropandRadio"/>
  <testcase name="testRadioBtton" time="2.142" classname="com.javabykiran.TestDropandRadio"/>
</testsuite> <!-- com.javabykiran.TestDropandRadio -->
