<?xml version="1.0" encoding="UTF-8"?>
<!-- Generated by org.testng.reporters.JUnitReportReporter -->
<testsuite name="window.MoneyControl" tests="1" time="9.387" ignored="0" failures="0" timestamp="18 Jun 2021 04:04:07 GMT" skipped="0" hostname="Kalyani" errors="0">
  <testcase name="getFirstCompanyNm" time="9.387" classname="window.MoneyControl"/>
</testsuite> <!-- window.MoneyControl -->
