<?xml version="1.0" encoding="UTF-8"?>
<!-- Generated by org.testng.reporters.JUnitReportReporter -->
<testsuite name="wait.StaleElementReferanceEx" tests="1" time="9.533" ignored="0" failures="0" timestamp="29 Jun 2021 06:11:12 GMT" skipped="0" hostname="Kalyani" errors="0">
  <testcase name="testException" time="9.533" classname="wait.StaleElementReferanceEx"/>
</testsuite> <!-- wait.StaleElementReferanceEx -->
