<?xml version="1.0" encoding="UTF-8"?>
<!-- Generated by org.testng.reporters.JUnitReportReporter -->
<testsuite name="actionsClass.Demo" tests="1" time="32.939" ignored="0" failures="0" timestamp="13 May 2021 06:54:59 GMT" skipped="0" hostname="Kalyani" errors="0">
  <testcase name="test01" time="32.939" classname="actionsClass.Demo"/>
</testsuite> <!-- actionsClass.Demo -->
