<?xml version="1.0" encoding="UTF-8"?>
<!-- Generated by org.testng.reporters.JUnitReportReporter -->
<testsuite name="window.Grid" tests="1" time="0.029" ignored="0" failures="0" timestamp="15 May 2021 05:26:11 GMT" skipped="0" hostname="Kalyani" errors="0">
  <testcase name="verifyTitle" time="0.029" classname="window.Grid"/>
</testsuite> <!-- window.Grid -->
