<?xml version="1.0" encoding="UTF-8"?>
<!-- Generated by org.testng.reporters.JUnitReportReporter -->
<testsuite name="utility.RadioButtonEx" tests="1" time="3.473" ignored="1" failures="0" timestamp="22 Jun 2021 07:37:55 GMT" skipped="0" hostname="Kalyani" errors="0">
  <testcase name="eeee" time="3.473" classname="utility.RadioButtonEx"/>
  <testcase name="radioButton" classname="utility.RadioButtonEx">
    <skipped/>
  </testcase> <!-- radioButton -->
</testsuite> <!-- utility.RadioButtonEx -->
