<?xml version="1.0" encoding="UTF-8"?>
<!-- Generated by org.testng.reporters.JUnitReportReporter -->
<testsuite name="actionsClass.Demo" tests="1" time="17.935" ignored="0" failures="0" timestamp="25 Jun 2021 08:04:40 GMT" skipped="0" hostname="Kalyani" errors="0">
  <testcase name="test01" time="17.935" classname="actionsClass.Demo"/>
</testsuite> <!-- actionsClass.Demo -->
