<?xml version="1.0" encoding="UTF-8"?>
<!-- Generated by org.testng.reporters.JUnitReportReporter -->
<testsuite name="windowGrid.Grid" tests="2" time="0.042" ignored="0" failures="0" timestamp="02 Aug 2021 08:47:16 GMT" skipped="0" hostname="Kalyani" errors="0">
  <testcase name="verifyTitle" time="0.028" classname="windowGrid.Grid"/>
  <testcase name="verifyTitle" time="0.014" classname="windowGrid.Grid"/>
</testsuite> <!-- windowGrid.Grid -->
