<?xml version="1.0" encoding="UTF-8"?>
<!-- Generated by org.testng.reporters.JUnitReportReporter -->
<testsuite name="tableTestCases.E" tests="1" time="4.348" ignored="5" failures="0" timestamp="15 Apr 2021 03:58:32 GMT" skipped="0" hostname="Kalyani" errors="0">
  <testcase name="verifyDownloadsCommonBlank" time="4.348" classname="tableTestCases.E"/>
  <testcase name="testVersionGetName" classname="tableTestCases.E">
    <skipped/>
  </testcase> <!-- testVersionGetName -->
  <testcase name="testOfficialWebsitebtnCol" classname="tableTestCases.E">
    <skipped/>
  </testcase> <!-- testOfficialWebsitebtnCol -->
  <testcase name="common" classname="tableTestCases.E">
    <skipped/>
  </testcase> <!-- common -->
  <testcase name="testNameFor32bitButton" classname="tableTestCases.E">
    <skipped/>
  </testcase> <!-- testNameFor32bitButton -->
  <testcase name="vendorNameFor64bitButton" classname="tableTestCases.E">
    <skipped/>
  </testcase> <!-- vendorNameFor64bitButton -->
</testsuite> <!-- tableTestCases.E -->
