<?xml version="1.0" encoding="UTF-8"?>
<!-- Generated by org.testng.reporters.JUnitReportReporter -->
<testsuite name="window.Win4" tests="1" time="0.796" ignored="0" failures="0" timestamp="22 Jul 2021 14:21:07 GMT" skipped="0" hostname="Kalyani" errors="0">
  <testcase name="testWindows" time="0.796" classname="window.Win4"/>
</testsuite> <!-- window.Win4 -->
