<?xml version="1.0" encoding="UTF-8"?>
<!-- Generated by org.testng.reporters.JUnitReportReporter -->
<testsuite name="tableTestCases.B" tests="1" time="4.532" ignored="5" failures="0" timestamp="28 Apr 2021 07:06:31 GMT" skipped="0" hostname="Kalyani" errors="0">
  <testcase name="Verify_Teacher_Name_Not_Present_on_Sunday" time="4.532" classname="tableTestCases.B"/>
  <testcase name="verifyUsersTableSrno" classname="tableTestCases.B">
    <skipped/>
  </testcase> <!-- verifyUsersTableSrno -->
  <testcase name="vendorNameFor64bitButton" classname="tableTestCases.B">
    <skipped/>
  </testcase> <!-- vendorNameFor64bitButton -->
  <testcase name="CheckNamesForStateMahrashtra" classname="tableTestCases.B">
    <skipped/>
  </testcase> <!-- CheckNamesForStateMahrashtra -->
  <testcase name="testMob" classname="tableTestCases.B">
    <skipped/>
  </testcase> <!-- testMob -->
  <testcase name="verifyEmail" classname="tableTestCases.B">
    <skipped/>
  </testcase> <!-- verifyEmail -->
</testsuite> <!-- tableTestCases.B -->
