<?xml version="1.0" encoding="UTF-8"?>
<!-- Generated by org.testng.reporters.JUnitReportReporter -->
<testsuite name="dataProvider.DemoLogin" tests="2" time="0.015" ignored="1" failures="0" timestamp="20 Feb 2021 07:27:05 GMT" skipped="0" hostname="RAJAT" errors="0">
  <testcase name="test01" time="0.013" classname="dataProvider.DemoLogin"/>
  <testcase name="test03" time="0.002" classname="dataProvider.DemoLogin"/>
  <testcase name="test02" classname="dataProvider.DemoLogin">
    <skipped/>
  </testcase> <!-- test02 -->
</testsuite> <!-- dataProvider.DemoLogin -->
