<?xml version="1.0" encoding="UTF-8"?>
<!-- Generated by org.testng.reporters.JUnitReportReporter -->
<testsuite name="wait.AlertEx" tests="1" time="8.306" ignored="0" failures="0" timestamp="21 Mar 2021 06:33:56 GMT" skipped="0" hostname="RAJAT" errors="0">
  <testcase name="test01" time="8.306" classname="wait.AlertEx"/>
</testsuite> <!-- wait.AlertEx -->
