<?xml version="1.0" encoding="UTF-8"?>
<!-- Generated by org.testng.reporters.JUnitReportReporter -->
<testsuite name="wait.New" tests="3" time="5.377" ignored="0" failures="0" timestamp="05 Mar 2021 07:26:57 GMT" skipped="0" hostname="RAJAT" errors="0">
  <testcase name="f" time="4.045" classname="wait.New"/>
  <testcase name="f" time="0.482" classname="wait.New"/>
  <testcase name="f" time="0.850" classname="wait.New"/>
</testsuite> <!-- wait.New -->
