<?xml version="1.0" encoding="UTF-8"?>
<!-- Generated by org.testng.reporters.JUnitReportReporter -->
<testsuite name="tableTestCases.ErrorLoginMsg" tests="2" time="5.668" ignored="0" failures="0" timestamp="08 Apr 2021 05:02:48 GMT" skipped="0" hostname="Kalyani" errors="0">
  <testcase name="verifyLoginErrorMessages" time="3.220" classname="tableTestCases.ErrorLoginMsg"/>
  <testcase name="verifyRegisterErrorMessages" time="2.448" classname="tableTestCases.ErrorLoginMsg"/>
</testsuite> <!-- tableTestCases.ErrorLoginMsg -->
