<?xml version="1.0" encoding="UTF-8"?>
<!-- Generated by org.testng.reporters.JUnitReportReporter -->
<testsuite name="tableTestCases.A" tests="1" time="4.221" ignored="7" failures="0" timestamp="08 May 2021 06:13:13 GMT" skipped="0" hostname="Kalyani" errors="0">
  <testcase name="testDeleteBtnRow2and4" time="4.221" classname="tableTestCases.A"/>
  <testcase name="verifyJBK_Link" classname="tableTestCases.A">
    <skipped/>
  </testcase> <!-- verifyJBK_Link -->
  <testcase name="testHh" classname="tableTestCases.A">
    <skipped/>
  </testcase> <!-- testHh -->
  <testcase name="verifyMobile" classname="tableTestCases.A">
    <skipped/>
  </testcase> <!-- verifyMobile -->
  <testcase name="testMobNo" classname="tableTestCases.A">
    <skipped/>
  </testcase> <!-- testMobNo -->
  <testcase name="verifyTeacherNameForJava" classname="tableTestCases.A">
    <skipped/>
  </testcase> <!-- verifyTeacherNameForJava -->
  <testcase name="testNavigator" classname="tableTestCases.A">
    <skipped/>
  </testcase> <!-- testNavigator -->
  <testcase name="testHhgg" classname="tableTestCases.A">
    <skipped/>
  </testcase> <!-- testHhgg -->
</testsuite> <!-- tableTestCases.A -->
