<?xml version="1.0" encoding="UTF-8"?>
<!-- Generated by org.testng.reporters.JUnitReportReporter -->
<testsuite name="actionsClass.Keyword" tests="1" time="8.277" ignored="0" failures="0" timestamp="21 Mar 2021 07:34:19 GMT" skipped="0" hostname="RAJAT" errors="0">
  <testcase name="test01" time="8.277" classname="actionsClass.Keyword"/>
</testsuite> <!-- actionsClass.Keyword -->
