<?xml version="1.0" encoding="UTF-8"?>
<!-- Generated by org.testng.reporters.JUnitReportReporter -->
<testsuite name="dataProvider.ArrayExcelDATaProvider" tests="3" time="1.285" ignored="0" failures="0" timestamp="04 Mar 2021 17:11:26 GMT" skipped="0" hostname="RAJAT" errors="0">
  <testcase name="test01" time="0.627" classname="dataProvider.ArrayExcelDATaProvider"/>
  <testcase name="test01" time="0.294" classname="dataProvider.ArrayExcelDATaProvider"/>
  <testcase name="test01" time="0.364" classname="dataProvider.ArrayExcelDATaProvider"/>
</testsuite> <!-- dataProvider.ArrayExcelDATaProvider -->
