<?xml version="1.0" encoding="UTF-8"?>
<!-- Generated by org.testng.reporters.JUnitReportReporter -->
<testsuite name="window.ToolTip" tests="5" time="1.310" ignored="0" failures="0" timestamp="30 Apr 2021 08:23:09 GMT" skipped="0" hostname="Kalyani" errors="0">
  <testcase name="testPlaceHolderEmail" time="0.167" classname="window.ToolTip"/>
  <testcase name="testDesign" time="0.064" classname="window.ToolTip"/>
  <testcase name="testC" time="0.501" classname="window.ToolTip"/>
  <testcase name="testLogin" time="0.357" classname="window.ToolTip"/>
  <testcase name="testToolTip" time="0.221" classname="window.ToolTip"/>
</testsuite> <!-- window.ToolTip -->
