<?xml version="1.0" encoding="UTF-8"?>
<!-- Generated by org.testng.reporters.JUnitReportReporter -->
<testsuite name="window.IteratorWindowHandling" tests="1" time="0.521" ignored="0" failures="0" timestamp="09 Jul 2021 06:38:28 GMT" skipped="0" hostname="Kalyani" errors="0">
  <testcase name="wintest" time="0.521" classname="window.IteratorWindowHandling"/>
</testsuite> <!-- window.IteratorWindowHandling -->
