<?xml version="1.0" encoding="UTF-8"?>
<!-- Generated by org.testng.reporters.JUnitReportReporter -->
<testsuite name="tableTestCases.SimpleExcelprov" tests="4" time="1.865" ignored="1" failures="0" timestamp="16 Apr 2021 14:31:30 GMT" skipped="0" hostname="Kalyani" errors="0">
  <testcase name="excelLoginCheckTitle" time="0.677" classname="tableTestCases.SimpleExcelprov"/>
  <testcase name="excelLoginCheckTitle" time="0.408" classname="tableTestCases.SimpleExcelprov"/>
  <testcase name="excelLoginCheckTitle" time="0.388" classname="tableTestCases.SimpleExcelprov"/>
  <testcase name="excelLoginCheckTitle" time="0.392" classname="tableTestCases.SimpleExcelprov"/>
  <testcase name="test111" classname="tableTestCases.SimpleExcelprov">
    <skipped/>
  </testcase> <!-- test111 -->
</testsuite> <!-- tableTestCases.SimpleExcelprov -->
