<?xml version="1.0" encoding="UTF-8"?>
<!-- Generated by org.testng.reporters.JUnitReportReporter -->
<testsuite name="dataProvider.UserData" tests="1" time="1.811" ignored="0" failures="0" timestamp="21 Feb 2021 10:24:24 GMT" skipped="0" hostname="RAJAT" errors="0">
  <testcase name="checkRegistration" time="1.811" classname="dataProvider.UserData"/>
</testsuite> <!-- dataProvider.UserData -->
