<?xml version="1.0" encoding="UTF-8"?>
<!-- Generated by org.testng.reporters.JUnitReportReporter -->
<testsuite name="window.Yahoo" tests="1" time="10.548" ignored="2" failures="0" timestamp="26 May 2021 16:02:13 GMT" skipped="0" hostname="Kalyani" errors="0">
  <testcase name="datePicker" time="10.548" classname="window.Yahoo"/>
  <testcase name="yahooNews" classname="window.Yahoo">
    <skipped/>
  </testcase> <!-- yahooNews -->
  <testcase name="fromToInRedbus" classname="window.Yahoo">
    <skipped/>
  </testcase> <!-- fromToInRedbus -->
</testsuite> <!-- window.Yahoo -->
