<?xml version="1.0" encoding="UTF-8"?>
<!-- Generated by org.testng.reporters.JUnitReportReporter -->
<testsuite name="tableTestCases.DifferentLogic" tests="1" time="2.910" ignored="3" failures="0" timestamp="11 May 2021 10:00:29 GMT" skipped="0" hostname="Kalyani" errors="0">
  <testcase name="testOp" time="2.910" classname="tableTestCases.DifferentLogic"/>
  <testcase name="testAllNamesForMaha" classname="tableTestCases.DifferentLogic">
    <skipped/>
  </testcase> <!-- testAllNamesForMaha -->
  <testcase name="namesForMaharashtra" classname="tableTestCases.DifferentLogic">
    <skipped/>
  </testcase> <!-- namesForMaharashtra -->
  <testcase name="testNamesForMaha" classname="tableTestCases.DifferentLogic">
    <skipped/>
  </testcase> <!-- testNamesForMaha -->
</testsuite> <!-- tableTestCases.DifferentLogic -->
