<?xml version="1.0" encoding="UTF-8"?>
<!-- Generated by org.testng.reporters.JUnitReportReporter -->
<testsuite name="tableTestCases.UserTable" tests="5" time="11.995" ignored="0" failures="0" timestamp="25 Apr 2021 10:06:32 GMT" skipped="0" hostname="Kalyani" errors="0">
  <testcase name="usersTable_1" time="3.001" classname="tableTestCases.UserTable"/>
  <testcase name="usersTable_1" time="2.394" classname="tableTestCases.UserTable"/>
  <testcase name="usersTable_1" time="2.198" classname="tableTestCases.UserTable"/>
  <testcase name="usersTable_1" time="2.181" classname="tableTestCases.UserTable"/>
  <testcase name="usersTable_1" time="2.221" classname="tableTestCases.UserTable"/>
</testsuite> <!-- tableTestCases.UserTable -->
