<?xml version="1.0" encoding="UTF-8"?>
<!-- Generated by org.testng.reporters.JUnitReportReporter -->
<testsuite name="tableTestCases.D" tests="5" time="16.685" ignored="4" failures="0" timestamp="08 May 2021 11:33:42 GMT" skipped="0" hostname="Kalyani" errors="0">
  <testcase name="test02User" time="4.100" classname="tableTestCases.D"/>
  <testcase name="test02User" time="3.116" classname="tableTestCases.D"/>
  <testcase name="test02User" time="3.184" classname="tableTestCases.D"/>
  <testcase name="test02User" time="2.903" classname="tableTestCases.D"/>
  <testcase name="test02User" time="3.382" classname="tableTestCases.D"/>
  <testcase name="test1" classname="tableTestCases.D">
    <skipped/>
  </testcase> <!-- test1 -->
  <testcase name="verifyTeacherPresentOnMonday" classname="tableTestCases.D">
    <skipped/>
  </testcase> <!-- verifyTeacherPresentOnMonday -->
  <testcase name="test" classname="tableTestCases.D">
    <skipped/>
  </testcase> <!-- test -->
  <testcase name="verifyOperatorsNamesNotOnSunday" classname="tableTestCases.D">
    <skipped/>
  </testcase> <!-- verifyOperatorsNamesNotOnSunday -->
</testsuite> <!-- tableTestCases.D -->
