<?xml version="1.0" encoding="UTF-8"?>
<!-- Generated by org.testng.reporters.JUnitReportReporter -->
<testsuite name="tableTestCases.C" tests="2" time="5.335" ignored="0" failures="0" timestamp="08 Apr 2021 06:39:04 GMT" skipped="0" hostname="Kalyani" errors="0">
  <testcase name="verifyEmail" time="3.236" classname="tableTestCases.C"/>
  <testcase name="verifyStateMaharashtra" time="2.099" classname="tableTestCases.C"/>
</testsuite> <!-- tableTestCases.C -->
