<?xml version="1.0" encoding="UTF-8"?>
<!-- Generated by org.testng.reporters.JUnitReportReporter -->
<testsuite name="javascriptExecuter.Red" tests="1" time="17.449" ignored="0" failures="0" timestamp="21 May 2021 11:30:46 GMT" skipped="0" hostname="Kalyani" errors="0">
  <testcase name="ggt" time="17.449" classname="javascriptExecuter.Red"/>
</testsuite> <!-- javascriptExecuter.Red -->
