<?xml version="1.0" encoding="UTF-8"?>
<!-- Generated by org.testng.reporters.JUnitReportReporter -->
<testsuite name="window.LamdaExp" tests="1" time="6.637" ignored="1" failures="0" timestamp="28 May 2021 15:25:36 GMT" skipped="0" hostname="Kalyani" errors="0">
  <testcase name="flipkart" time="6.637" classname="window.LamdaExp"/>
  <testcase name="amazonLink" classname="window.LamdaExp">
    <skipped/>
  </testcase> <!-- amazonLink -->
</testsuite> <!-- window.LamdaExp -->
