<?xml version="1.0" encoding="UTF-8"?>
<!-- Generated by org.testng.reporters.JUnitReportReporter -->
<testsuite name="tableTestCases.D" tests="1" time="2.981" ignored="4" failures="0" timestamp="25 Apr 2021 10:50:21 GMT" skipped="0" hostname="Kalyani" errors="0">
  <testcase name="test02User" time="2.981" classname="tableTestCases.D"/>
  <testcase name="test1" classname="tableTestCases.D">
    <skipped/>
  </testcase> <!-- test1 -->
  <testcase name="verifyTeacherPresentOnMonday" classname="tableTestCases.D">
    <skipped/>
  </testcase> <!-- verifyTeacherPresentOnMonday -->
  <testcase name="test" classname="tableTestCases.D">
    <skipped/>
  </testcase> <!-- test -->
  <testcase name="verifyOperatorsNamesNotOnSunday" classname="tableTestCases.D">
    <skipped/>
  </testcase> <!-- verifyOperatorsNamesNotOnSunday -->
</testsuite> <!-- tableTestCases.D -->
