<?xml version="1.0" encoding="UTF-8"?>
<!-- Generated by org.testng.reporters.JUnitReportReporter -->
<testsuite name="tableTestCases.D" tests="1" time="4.112" ignored="5" failures="0" timestamp="31 Jul 2021 07:30:28 GMT" skipped="0" hostname="Kalyani" errors="0">
  <testcase name="verifyVendorAndVersionOf_32bit" time="4.112" classname="tableTestCases.D"/>
  <testcase name="test02User" classname="tableTestCases.D">
    <skipped/>
  </testcase> <!-- test02User -->
  <testcase name="test1" classname="tableTestCases.D">
    <skipped/>
  </testcase> <!-- test1 -->
  <testcase name="verifyTeacherPresentOnMonday" classname="tableTestCases.D">
    <skipped/>
  </testcase> <!-- verifyTeacherPresentOnMonday -->
  <testcase name="test" classname="tableTestCases.D">
    <skipped/>
  </testcase> <!-- test -->
  <testcase name="verifyOperatorsNamesNotOnSunday" classname="tableTestCases.D">
    <skipped/>
  </testcase> <!-- verifyOperatorsNamesNotOnSunday -->
</testsuite> <!-- tableTestCases.D -->
