<?xml version="1.0" encoding="UTF-8"?>
<!-- Generated by org.testng.reporters.JUnitReportReporter -->
<testsuite name="dataProvider.A" tests="4" time="2.465" ignored="0" failures="0" timestamp="16 Apr 2021 08:34:49 GMT" skipped="0" hostname="Kalyani" errors="0">
  <testcase name="test01" time="0.546" classname="dataProvider.A"/>
  <testcase name="test01" time="0.942" classname="dataProvider.A"/>
  <testcase name="test01" time="0.489" classname="dataProvider.A"/>
  <testcase name="test01" time="0.488" classname="dataProvider.A"/>
</testsuite> <!-- dataProvider.A -->
