<?xml version="1.0" encoding="UTF-8"?>
<!-- Generated by org.testng.reporters.JUnitReportReporter -->
<testsuite name="actionsClass.Ex" tests="1" time="20.773" ignored="0" failures="0" timestamp="21 Mar 2021 03:37:18 GMT" skipped="0" hostname="RAJAT" errors="0">
  <testcase name="test01" time="20.773" classname="actionsClass.Ex"/>
</testsuite> <!-- actionsClass.Ex -->
