<?xml version="1.0" encoding="UTF-8"?>
<!-- Generated by org.testng.reporters.JUnitReportReporter -->
<testsuite name="window.WindowHandling" tests="1" time="0.559" ignored="0" failures="0" timestamp="01 May 2021 03:40:23 GMT" skipped="0" hostname="Kalyani" errors="0">
  <testcase name="wintest" time="0.559" classname="window.WindowHandling"/>
</testsuite> <!-- window.WindowHandling -->
