<?xml version="1.0" encoding="UTF-8"?>
<!-- Generated by org.testng.reporters.JUnitReportReporter -->
<testsuite name="tableTestCases.UserExcel" tests="5" time="1.017" ignored="0" failures="0" timestamp="19 Apr 2021 06:19:17 GMT" skipped="0" hostname="Kalyani" errors="0">
  <testcase name="testUserPg" time="0.218" classname="tableTestCases.UserExcel"/>
  <testcase name="testUserPg" time="0.203" classname="tableTestCases.UserExcel"/>
  <testcase name="testUserPg" time="0.219" classname="tableTestCases.UserExcel"/>
  <testcase name="testUserPg" time="0.158" classname="tableTestCases.UserExcel"/>
  <testcase name="testUserPg" time="0.219" classname="tableTestCases.UserExcel"/>
</testsuite> <!-- tableTestCases.UserExcel -->
