<?xml version="1.0" encoding="UTF-8"?>
<!-- Generated by org.testng.reporters.JUnitReportReporter -->
<testsuite name="com.javabykiran.TestCases" tests="20" time="33.193" ignored="0" failures="0" timestamp="06 Apr 2021 13:17:21 GMT" skipped="0" hostname="Kalyani" errors="0">
  <testcase name="verifyInvalidLoginEntryEmailErrorMessage" time="1.733" classname="com.javabykiran.TestCases"/>
  <testcase name="checkUrl" time="1.553" classname="com.javabykiran.TestCases"/>
  <testcase name="verifySignInHeading" time="1.430" classname="com.javabykiran.TestCases"/>
  <testcase name="checkHeadingJavabykiran" time="1.450" classname="com.javabykiran.TestCases"/>
  <testcase name="verifyTitle" time="1.433" classname="com.javabykiran.TestCases"/>
  <testcase name="verifyInvalidLoginEntryPasswordErrorMessage" time="1.777" classname="com.javabykiran.TestCases"/>
  <testcase name="checkLogo" time="2.313" classname="com.javabykiran.TestCases"/>
  <testcase name="varifyRegisterHeading2" time="1.454" classname="com.javabykiran.TestCases"/>
  <testcase name="verifyCoursesHeading" time="1.479" classname="com.javabykiran.TestCases"/>
  <testcase name="verifyBlankPasswordErrorMsg" time="1.736" classname="com.javabykiran.TestCases"/>
  <testcase name="verifyAlreadyRegisteredMember" time="1.592" classname="com.javabykiran.TestCases"/>
  <testcase name="checkRegistration" time="1.575" classname="com.javabykiran.TestCases"/>
  <testcase name="checkRegisterPgEmailError" time="1.875" classname="com.javabykiran.TestCases"/>
  <testcase name="checkRegisterPgNameError" time="1.826" classname="com.javabykiran.TestCases"/>
  <testcase name="checkLoginSuccessfullyDone" time="1.780" classname="com.javabykiran.TestCases"/>
  <testcase name="checkRegPgUrl" time="1.442" classname="com.javabykiran.TestCases"/>
  <testcase name="checkRegisterPgMobileError" time="1.822" classname="com.javabykiran.TestCases"/>
  <testcase name="checkRegisterPgPasswordError" time="1.812" classname="com.javabykiran.TestCases"/>
  <testcase name="verifyBlankEmailErrorMsg" time="1.678" classname="com.javabykiran.TestCases"/>
  <testcase name="checkRegisterPgHeading" time="1.433" classname="com.javabykiran.TestCases"/>
</testsuite> <!-- com.javabykiran.TestCases -->
