<?xml version="1.0" encoding="UTF-8"?>
<!-- Generated by org.testng.reporters.JUnitReportReporter -->
<testsuite name="tableTestCases.TstDataProSimple" tests="1" time="2.789" ignored="4" failures="0" timestamp="17 Apr 2021 03:19:05 GMT" skipped="0" hostname="Kalyani" errors="0">
  <testcase name="test" time="2.789" classname="tableTestCases.TstDataProSimple"/>
  <testcase name="testUsefulLinkPgAllTitles" classname="tableTestCases.TstDataProSimple">
    <skipped/>
  </testcase> <!-- testUsefulLinkPgAllTitles -->
  <testcase name="testOperaterPgAllTitles" classname="tableTestCases.TstDataProSimple">
    <skipped/>
  </testcase> <!-- testOperaterPgAllTitles -->
  <testcase name="testAllTagOnAdduserPg" classname="tableTestCases.TstDataProSimple">
    <skipped/>
  </testcase> <!-- testAllTagOnAdduserPg -->
  <testcase name="test011" classname="tableTestCases.TstDataProSimple">
    <skipped/>
  </testcase> <!-- test011 -->
</testsuite> <!-- tableTestCases.TstDataProSimple -->
