<?xml version="1.0" encoding="UTF-8"?>
<!-- Generated by org.testng.reporters.JUnitReportReporter -->
<testsuite name="dataProvider.BSimpleDataPro" tests="10" time="9.309" ignored="0" failures="0" timestamp="06 Apr 2021 08:27:50 GMT" skipped="0" hostname="Kalyani" errors="0">
  <testcase name="test02" time="1.311" classname="dataProvider.BSimpleDataPro"/>
  <testcase name="register" time="0.150" classname="dataProvider.BSimpleDataPro"/>
  <testcase name="test01" time="0.807" classname="dataProvider.BSimpleDataPro"/>
  <testcase name="test02" time="1.387" classname="dataProvider.BSimpleDataPro"/>
  <testcase name="test01" time="0.693" classname="dataProvider.BSimpleDataPro"/>
  <testcase name="test01" time="0.680" classname="dataProvider.BSimpleDataPro"/>
  <testcase name="addUser" time="1.000" classname="dataProvider.BSimpleDataPro"/>
  <testcase name="test02" time="1.345" classname="dataProvider.BSimpleDataPro"/>
  <testcase name="test01" time="0.707" classname="dataProvider.BSimpleDataPro"/>
  <testcase name="test02" time="1.229" classname="dataProvider.BSimpleDataPro"/>
</testsuite> <!-- dataProvider.BSimpleDataPro -->
