<?xml version="1.0" encoding="UTF-8"?>
<!-- Generated by org.testng.reporters.JUnitReportReporter -->
<testsuite name="dataProvider.CExcelDataPro" tests="9" time="8.324" ignored="0" failures="0" timestamp="17 Apr 2021 03:28:43 GMT" skipped="0" hostname="Kalyani" errors="0">
  <testcase name="testReg" time="0.677" classname="dataProvider.CExcelDataPro"/>
  <testcase name="testReg" time="0.523" classname="dataProvider.CExcelDataPro"/>
  <testcase name="test02" time="1.276" classname="dataProvider.CExcelDataPro"/>
  <testcase name="test02" time="1.397" classname="dataProvider.CExcelDataPro"/>
  <testcase name="testReg" time="0.524" classname="dataProvider.CExcelDataPro"/>
  <testcase name="test02" time="1.318" classname="dataProvider.CExcelDataPro"/>
  <testcase name="addUser" time="0.741" classname="dataProvider.CExcelDataPro"/>
  <testcase name="testReg" time="0.521" classname="dataProvider.CExcelDataPro"/>
  <testcase name="test02" time="1.347" classname="dataProvider.CExcelDataPro"/>
</testsuite> <!-- dataProvider.CExcelDataPro -->
