<?xml version="1.0" encoding="UTF-8"?>
<!-- Generated by org.testng.reporters.JUnitReportReporter -->
<testsuite name="headLessBrowser.HtmlUnitDriverEx" tests="1" time="3.358" ignored="2" failures="0" timestamp="06 Jun 2021 04:55:40 GMT" skipped="0" hostname="Kalyani" errors="0">
  <testcase name="login" time="3.358" classname="headLessBrowser.HtmlUnitDriverEx"/>
  <testcase name="verifyText" classname="headLessBrowser.HtmlUnitDriverEx">
    <skipped/>
  </testcase> <!-- verifyText -->
  <testcase name="test" classname="headLessBrowser.HtmlUnitDriverEx">
    <skipped/>
  </testcase> <!-- test -->
</testsuite> <!-- headLessBrowser.HtmlUnitDriverEx -->
