<?xml version="1.0" encoding="UTF-8"?>
<!-- Generated by org.testng.reporters.JUnitReportReporter -->
<testsuite name="actionsClass.ActionsEx" tests="1" time="5.331" ignored="0" failures="0" timestamp="21 Mar 2021 03:22:22 GMT" skipped="0" hostname="RAJAT" errors="0">
  <testcase name="test01" time="5.331" classname="actionsClass.ActionsEx"/>
</testsuite> <!-- actionsClass.ActionsEx -->
