<?xml version="1.0" encoding="UTF-8"?>
<!-- Generated by org.testng.reporters.JUnitReportReporter -->
<testsuite name="dataProvider.LoginWithDataProvider" tests="4" time="8.095" ignored="0" failures="0" timestamp="06 Apr 2021 08:18:49 GMT" skipped="0" hostname="Kalyani" errors="0">
  <testcase name="test01" time="1.826" classname="dataProvider.LoginWithDataProvider"/>
  <testcase name="test01" time="1.780" classname="dataProvider.LoginWithDataProvider"/>
  <testcase name="test01" time="1.910" classname="dataProvider.LoginWithDataProvider"/>
  <testcase name="test01" time="2.579" classname="dataProvider.LoginWithDataProvider"/>
</testsuite> <!-- dataProvider.LoginWithDataProvider -->
