<?xml version="1.0" encoding="UTF-8"?>
<!-- Generated by org.testng.reporters.JUnitReportReporter -->
<testsuite name="tableTestCases.SortingNamesInOprtrTable" tests="1" time="2.733" ignored="1" failures="0" timestamp="11 May 2021 04:29:12 GMT" skipped="0" hostname="Kalyani" errors="0">
  <testcase name="Test2" time="2.733" classname="tableTestCases.SortingNamesInOprtrTable"/>
  <testcase name="Test1" classname="tableTestCases.SortingNamesInOprtrTable">
    <skipped/>
  </testcase> <!-- Test1 -->
</testsuite> <!-- tableTestCases.SortingNamesInOprtrTable -->
