<?xml version="1.0" encoding="UTF-8"?>
<!-- Generated by org.testng.reporters.JUnitReportReporter -->
<testsuite name="utility.Main" tests="1" time="10.213" ignored="8" failures="0" timestamp="25 Jun 2021 09:12:58 GMT" skipped="0" hostname="Kalyani" errors="0">
  <testcase name="test" time="10.213" classname="utility.Main"/>
  <testcase name="selectMultipleCheckbox" classname="utility.Main">
    <skipped/>
  </testcase> <!-- selectMultipleCheckbox -->
  <testcase name="addreess" classname="utility.Main">
    <skipped/>
  </testcase> <!-- addreess -->
  <testcase name="Radio" classname="utility.Main">
    <skipped/>
  </testcase> <!-- Radio -->
  <testcase name="lan" classname="utility.Main">
    <skipped/>
  </testcase> <!-- lan -->
  <testcase name="tsbsb" classname="utility.Main">
    <skipped/>
  </testcase> <!-- tsbsb -->
  <testcase name="dateOfBirth" classname="utility.Main">
    <skipped/>
  </testcase> <!-- dateOfBirth -->
  <testcase name="checkbox1" classname="utility.Main">
    <skipped/>
  </testcase> <!-- checkbox1 -->
  <testcase name="toptions" classname="utility.Main">
    <skipped/>
  </testcase> <!-- toptions -->
</testsuite> <!-- utility.Main -->
