<?xml version="1.0" encoding="UTF-8"?>
<!-- Generated by org.testng.reporters.JUnitReportReporter -->
<testsuite name="wait.SelectEx" tests="1" time="14.491" ignored="0" failures="0" timestamp="29 Mar 2021 03:04:33 GMT" skipped="0" hostname="RAJAT" errors="0">
  <testcase name="test01" time="14.491" classname="wait.SelectEx"/>
</testsuite> <!-- wait.SelectEx -->
