<?xml version="1.0" encoding="UTF-8"?>
<!-- Generated by org.testng.reporters.JUnitReportReporter -->
<testsuite name="actionsClass.Keyword" tests="1" time="7.680" ignored="0" failures="0" timestamp="10 May 2021 07:43:21 GMT" skipped="0" hostname="Kalyani" errors="0">
  <testcase name="test01" time="7.680" classname="actionsClass.Keyword"/>
</testsuite> <!-- actionsClass.Keyword -->
