<?xml version="1.0" encoding="UTF-8"?>
<!-- Generated by org.testng.reporters.JUnitReportReporter -->
<testsuite name="dataProvider.P" tests="3" time="2.449" ignored="0" failures="0" timestamp="21 Feb 2021 08:04:30 GMT" skipped="0" hostname="RAJAT" errors="0">
  <testcase name="f" time="1.185" classname="dataProvider.P"/>
  <testcase name="f" time="0.502" classname="dataProvider.P"/>
  <testcase name="f" time="0.762" classname="dataProvider.P"/>
</testsuite> <!-- dataProvider.P -->
