<?xml version="1.0" encoding="UTF-8"?>
<!-- Generated by org.testng.reporters.JUnitReportReporter -->
<testsuite name="com.javabykiran.B" tests="1" time="3.952" ignored="0" failures="0" timestamp="07 Apr 2021 04:23:11 GMT" skipped="0" hostname="Kalyani" errors="0">
  <testcase name="verifyUsersTableSrno" time="3.952" classname="com.javabykiran.B"/>
</testsuite> <!-- com.javabykiran.B -->
