<?xml version="1.0" encoding="UTF-8"?>
<!-- Generated by org.testng.reporters.JUnitReportReporter -->
<testsuite name="window.ToolTip" tests="1" time="1.030" ignored="4" failures="0" timestamp="31 May 2021 13:26:42 GMT" skipped="0" hostname="Kalyani" errors="0">
  <testcase name="testLogin" time="1.030" classname="window.ToolTip"/>
  <testcase name="testPlaceHolderEmail" classname="window.ToolTip">
    <skipped/>
  </testcase> <!-- testPlaceHolderEmail -->
  <testcase name="testToolTip" classname="window.ToolTip">
    <skipped/>
  </testcase> <!-- testToolTip -->
  <testcase name="testC" classname="window.ToolTip">
    <skipped/>
  </testcase> <!-- testC -->
  <testcase name="testDesign" classname="window.ToolTip">
    <skipped/>
  </testcase> <!-- testDesign -->
</testsuite> <!-- window.ToolTip -->
